<?xml version="1.0" encoding="UTF-8"?>
<!-- Generated by org.testng.reporters.JUnitXMLReporter -->
<testsuite ignored="0" hostname="K_MULAUDZI" failures="0" tests="4" name="Default test" time="47.395" errors="0" timestamp="2023-07-13T12:44:28 SAST">
  <testcase classname="rahulshettyacademy.test.SubmitOrderTest" name="submitOrder" time="5.32">
    <skipped/>
  </testcase> <!-- submitOrder -->
  <testcase classname="rahulshettyacademy.test.SubmitOrderTest" name="submitOrder" time="9.138"/>
  <testcase classname="rahulshettyacademy.test.SubmitOrderTest" name="submitOrder" time="8.492"/>
  <testcase classname="rahulshettyacademy.test.SubmitOrderTest" name="checkHistoryPage" time="3.138"/>
</testsuite> <!-- Default test -->
