<?xml version="1.0" encoding="UTF-8"?>
<!-- Generated by org.testng.reporters.JUnitXMLReporter -->
<testsuite ignored="0" hostname="K_MULAUDZI" failures="1" tests="2" name="Error Validation Test" time="41.618" errors="0" timestamp="2023-06-09T12:42:49 SAST">
  <testcase classname="rahulshettyacademy.test.ErrorValidations" name="runValidation" time="1.245">
    <skipped/>
  </testcase> <!-- runValidation -->
  <testcase classname="rahulshettyacademy.test.ErrorValidations" name="runValidation" time="2.235">
    <failure type="java.lang.AssertionError" message="expected [Incorrect emai or password.] but found [Incorrect email or password.]">
      <![CDATA[java.lang.AssertionError: expected [Incorrect emai or password.] but found [Incorrect email or password.]
at rahulshettyacademy.test.ErrorValidations.runValidation(ErrorValidations.java:15)
at java.base/java.util.ArrayList.forEach(ArrayList.java:1511)
at java.base/java.util.concurrent.FutureTask.run(FutureTask.java:264)
at java.base/java.util.concurrent.ThreadPoolExecutor.runWorker(ThreadPoolExecutor.java:1136)
at java.base/java.util.concurrent.ThreadPoolExecutor$Worker.run(ThreadPoolExecutor.java:635)
at java.base/java.lang.Thread.run(Thread.java:833)
... Removed 24 stack frames]]>
    </failure>
  </testcase> <!-- runValidation -->
</testsuite> <!-- Error Validation Test -->
