<?xml version="1.0" encoding="UTF-8"?>
<!-- Generated by org.testng.reporters.JUnitXMLReporter -->
<testsuite ignored="0" hostname="K_MULAUDZI" failures="0" tests="4" name="Submit Order Test" time="62.23" errors="0" timestamp="2023-06-22T10:44:03 CAT">
  <testcase classname="rahulshettyacademy.test.SubmitOrderTest" name="submitOrder" time="10.542"/>
  <testcase classname="rahulshettyacademy.test.SubmitOrderTest" name="submitOrder" time="5.714">
    <skipped/>
  </testcase> <!-- submitOrder -->
  <testcase classname="rahulshettyacademy.test.SubmitOrderTest" name="submitOrder" time="11.308"/>
  <testcase classname="rahulshettyacademy.test.SubmitOrderTest" name="checkHistoryPage" time="4.153"/>
</testsuite> <!-- Submit Order Test -->
