<?xml version="1.0" encoding="UTF-8"?>
<testng-results ignored="0" total="1" passed="1" failed="0" skipped="0">
  <reporter-output>
  </reporter-output>
  <suite started-at="2023-08-07T19:34:10 SAST" name="Default suite" finished-at="2023-08-07T19:34:16 SAST" duration-ms="5970">
    <groups>
    </groups>
    <test started-at="2023-08-07T19:34:10 SAST" name="Default test" finished-at="2023-08-07T19:34:16 SAST" duration-ms="5970">
      <class name="seleium.openBrowser">
        <test-method signature="goTo()[pri:0, instance:seleium.openBrowser@5403f35f]" started-at="2023-08-07T19:34:10 SAST" name="goTo" finished-at="2023-08-07T19:34:16 SAST" duration-ms="5932" status="PASS">
          <reporter-output>
          </reporter-output>
        </test-method> <!-- goTo -->
      </class> <!-- seleium.openBrowser -->
    </test> <!-- Default test -->
  </suite> <!-- Default suite -->
</testng-results>
